# JRE version: Java(TM) SE Runtime Environment (7.0_51-b13) (build 1.7.0_51-b13)
# Java VM: Java HotSpot(TM) 64-Bit Server VM (24.51-b03 mixed mode windows-amd64 compressed oops)
Heap
 PSYoungGen      total 85504K, used 57645K [0x00000000eb680000, 0x00000000f5980000, 0x0000000100000000)
  eden space 13824K, 84% used [0x00000000eb680000,0x00000000ec1db468,0x00000000ec400000)
  from space 71680K, 64% used [0x00000000ec400000,0x00000000ef0f0040,0x00000000f0a00000)
  to   space 75264K, 0% used [0x00000000f1000000,0x00000000f1000000,0x00000000f5980000)
 ParOldGen       total 129024K, used 88311K [0x00000000c2400000, 0x00000000ca200000, 0x00000000eb680000)
  object space 129024K, 68% used [0x00000000c2400000,0x00000000c7a3de88,0x00000000ca200000)
 PSPermGen       total 26112K, used 12010K [0x00000000bd200000, 0x00000000beb80000, 0x00000000c2400000)
  object space 26112K, 45% used [0x00000000bd200000,0x00000000bddba898,0x00000000beb80000)
GC Heap History (10 events):
Event: 53.508 GC heap before
{Heap before GC invocations=27 (full 3):
 PSYoungGen      total 89600K, used 18256K [0x00000000eb680000, 0x00000000f6100000, 0x0000000100000000)
  eden space 10752K, 100% used [0x00000000eb680000,0x00000000ec100000,0x00000000ec100000)
  from space 78848K, 9% used [0x00000000f1400000,0x00000000f1b54040,0x00000000f6100000)
  to   space 81920K, 0% used [0x00000000ec100000,0x00000000ec100000,0x00000000f1100000)
 ParOldGen       total 129024K, used 81103K [0x00000000c2400000, 0x00000000ca200000, 0x00000000eb680000)
  object space 129024K, 62% used [0x00000000c2400000,0x00000000c7333e58,0x00000000ca200000)
 PSPermGen       total 26112K, used 11943K [0x00000000bd200000, 0x00000000beb80000, 0x00000000c2400000)
  object space 26112K, 45% used [0x00000000bd200000,0x00000000bdda9d10,0x00000000beb80000)
Event: 53.527 GC heap after
Heap after GC invocations=27 (full 3):
 PSYoungGen      total 19968K, used 8896K [0x00000000eb680000, 0x00000000f5c80000, 0x0000000100000000)
  eden space 10752K, 0% used [0x00000000eb680000,0x00000000eb680000,0x00000000ec100000)
  from space 9216K, 96% used [0x00000000ec100000,0x00000000ec9b0010,0x00000000eca00000)
  to   space 78336K, 0% used [0x00000000f1000000,0x00000000f1000000,0x00000000f5c80000)
 ParOldGen       total 129024K, used 88311K [0x00000000c2400000, 0x00000000ca200000, 0x00000000eb680000)
  object space 129024K, 68% used [0x00000000c2400000,0x00000000c7a3de88,0x00000000ca200000)
 PSPermGen       total 26112K, used 11943K [0x00000000bd200000, 0x00000000beb80000, 0x00000000c2400000)
  object space 26112K, 45% used [0x00000000bd200000,0x00000000bdda9d10,0x00000000beb80000)
}
Event: 53.943 GC heap before
{Heap before GC invocations=28 (full 3):
 PSYoungGen      total 19968K, used 19648K [0x00000000eb680000, 0x00000000f5c80000, 0x0000000100000000)
  eden space 10752K, 100% used [0x00000000eb680000,0x00000000ec100000,0x00000000ec100000)
  from space 9216K, 96% used [0x00000000ec100000,0x00000000ec9b0010,0x00000000eca00000)
  to   space 78336K, 0% used [0x00000000f1000000,0x00000000f1000000,0x00000000f5c80000)
 ParOldGen       total 129024K, used 88311K [0x00000000c2400000, 0x00000000ca200000, 0x00000000eb680000)
  object space 129024K, 68% used [0x00000000c2400000,0x00000000c7a3de88,0x00000000ca200000)
 PSPermGen       total 26112K, used 11943K [0x00000000bd200000, 0x00000000beb80000, 0x00000000c2400000)
  object space 26112K, 45% used [0x00000000bd200000,0x00000000bdda9d10,0x00000000beb80000)
Event: 53.966 GC heap after
Heap after GC invocations=28 (full 3):
 PSYoungGen      total 79360K, used 18272K [0x00000000eb680000, 0x00000000f5100000, 0x0000000100000000)
  eden space 12800K, 0% used [0x00000000eb680000,0x00000000eb680000,0x00000000ec300000)
  from space 66560K, 27% used [0x00000000f1000000,0x00000000f21d8040,0x00000000f5100000)
  to   space 72704K, 0% used [0x00000000ec300000,0x00000000ec300000,0x00000000f0a00000)
 ParOldGen       total 129024K, used 88311K [0x00000000c2400000, 0x00000000ca200000, 0x00000000eb680000)
  object space 129024K, 68% used [0x00000000c2400000,0x00000000c7a3de88,0x00000000ca200000)
 PSPermGen       total 26112K, used 11943K [0x00000000bd200000, 0x00000000beb80000, 0x00000000c2400000)
  object space 26112K, 45% used [0x00000000bd200000,0x00000000bdda9d10,0x00000000beb80000)
}
Event: 54.618 GC heap before
{Heap before GC invocations=29 (full 3):
 PSYoungGen      total 79360K, used 31072K [0x00000000eb680000, 0x00000000f5100000, 0x0000000100000000)
  eden space 12800K, 100% used [0x00000000eb680000,0x00000000ec300000,0x00000000ec300000)
  from space 66560K, 27% used [0x00000000f1000000,0x00000000f21d8040,0x00000000f5100000)
  to   space 72704K, 0% used [0x00000000ec300000,0x00000000ec300000,0x00000000f0a00000)
 ParOldGen       total 129024K, used 88311K [0x00000000c2400000, 0x00000000ca200000, 0x00000000eb680000)
  object space 129024K, 68% used [0x00000000c2400000,0x00000000c7a3de88,0x00000000ca200000)
 PSPermGen       total 26112K, used 11943K [0x00000000bd200000, 0x00000000beb80000, 0x00000000c2400000)
  object space 26112K, 45% used [0x00000000bd200000,0x00000000bdda9d10,0x00000000beb80000)
Event: 54.647 GC heap after
Heap after GC invocations=29 (full 3):
 PSYoungGen      total 85504K, used 28384K [0x00000000eb680000, 0x00000000f4f00000, 0x0000000100000000)
  eden space 12800K, 0% used [0x00000000eb680000,0x00000000eb680000,0x00000000ec300000)
  from space 72704K, 39% used [0x00000000ec300000,0x00000000edeb8040,0x00000000f0a00000)
  to   space 70656K, 0% used [0x00000000f0a00000,0x00000000f0a00000,0x00000000f4f00000)
 ParOldGen       total 129024K, used 88311K [0x00000000c2400000, 0x00000000ca200000, 0x00000000eb680000)
  object space 129024K, 68% used [0x00000000c2400000,0x00000000c7a3de88,0x00000000ca200000)
 PSPermGen       total 26112K, used 11943K [0x00000000bd200000, 0x00000000beb80000, 0x00000000c2400000)
  object space 26112K, 45% used [0x00000000bd200000,0x00000000bdda9d10,0x00000000beb80000)
}
Event: 55.170 GC heap before
{Heap before GC invocations=30 (full 3):
 PSYoungGen      total 85504K, used 38673K [0x00000000eb680000, 0x00000000f4f00000, 0x0000000100000000)
  eden space 12800K, 80% used [0x00000000eb680000,0x00000000ec08c4f0,0x00000000ec300000)
  from space 72704K, 39% used [0x00000000ec300000,0x00000000edeb8040,0x00000000f0a00000)
  to   space 70656K, 0% used [0x00000000f0a00000,0x00000000f0a00000,0x00000000f4f00000)
 ParOldGen       total 129024K, used 88311K [0x00000000c2400000, 0x00000000ca200000, 0x00000000eb680000)
  object space 129024K, 68% used [0x00000000c2400000,0x00000000c7a3de88,0x00000000ca200000)
 PSPermGen       total 26112K, used 11943K [0x00000000bd200000, 0x00000000beb80000, 0x00000000c2400000)
  object space 26112K, 45% used [0x00000000bd200000,0x00000000bdda9d10,0x00000000beb80000)
Event: 55.207 GC heap after
Heap after GC invocations=30 (full 3):
 PSYoungGen      total 84480K, used 36896K [0x00000000eb680000, 0x00000000f5100000, 0x0000000100000000)
  eden space 13824K, 0% used [0x00000000eb680000,0x00000000eb680000,0x00000000ec400000)
  from space 70656K, 52% used [0x00000000f0a00000,0x00000000f2e08050,0x00000000f4f00000)
  to   space 71680K, 0% used [0x00000000ec400000,0x00000000ec400000,0x00000000f0a00000)
 ParOldGen       total 129024K, used 88311K [0x00000000c2400000, 0x00000000ca200000, 0x00000000eb680000)
  object space 129024K, 68% used [0x00000000c2400000,0x00000000c7a3de88,0x00000000ca200000)
 PSPermGen       total 26112K, used 11943K [0x00000000bd200000, 0x00000000beb80000, 0x00000000c2400000)
  object space 26112K, 45% used [0x00000000bd200000,0x00000000bdda9d10,0x00000000beb80000)
}
Event: 55.659 GC heap before
{Heap before GC invocations=31 (full 3):
 PSYoungGen      total 84480K, used 50720K [0x00000000eb680000, 0x00000000f5100000, 0x0000000100000000)
  eden space 13824K, 100% used [0x00000000eb680000,0x00000000ec400000,0x00000000ec400000)
  from space 70656K, 52% used [0x00000000f0a00000,0x00000000f2e08050,0x00000000f4f00000)
  to   space 71680K, 0% used [0x00000000ec400000,0x00000000ec400000,0x00000000f0a00000)
 ParOldGen       total 129024K, used 88311K [0x00000000c2400000, 0x00000000ca200000, 0x00000000eb680000)
  object space 129024K, 68% used [0x00000000c2400000,0x00000000c7a3de88,0x00000000ca200000)
 PSPermGen       total 26112K, used 11943K [0x00000000bd200000, 0x00000000beb80000, 0x00000000c2400000)
  object space 26112K, 45% used [0x00000000bd200000,0x00000000bdda9d10,0x00000000beb80000)
Event: 55.700 GC heap after
Heap after GC invocations=31 (full 3):
 PSYoungGen      total 85504K, used 46016K [0x00000000eb680000, 0x00000000f5980000, 0x0000000100000000)
  eden space 13824K, 0% used [0x00000000eb680000,0x00000000eb680000,0x00000000ec400000)
  from space 71680K, 64% used [0x00000000ec400000,0x00000000ef0f0040,0x00000000f0a00000)
  to   space 75264K, 0% used [0x00000000f1000000,0x00000000f1000000,0x00000000f5980000)
 ParOldGen       total 129024K, used 88311K [0x00000000c2400000, 0x00000000ca200000, 0x00000000eb680000)
  object space 129024K, 68% used [0x00000000c2400000,0x00000000c7a3de88,0x00000000ca200000)
 PSPermGen       total 26112K, used 11943K [0x00000000bd200000, 0x00000000beb80000, 0x00000000c2400000)
  object space 26112K, 45% used [0x00000000bd200000,0x00000000bdda9d10,0x00000000beb80000)
}

